3.000000E-20  3.414549E-21 
3.300000E-20  4.359071E-20 
3.630000E-20  4.414724E-19 
3.993000E-20  3.622457E-18 
4.392300E-20  2.454726E-17 
4.831530E-20  1.397839E-16 
5.314683E-20  6.795695E-16 
5.846151E-20  2.861385E-15 
6.430766E-20  1.057207E-14 
7.073843E-20  3.468532E-14 
7.781227E-20  1.021465E-13 
8.559350E-20  2.726827E-13 
9.415285E-20  6.657713E-13 
1.035681E-19  1.498822E-12 
1.139250E-19  3.134270E-12 
1.253174E-19  6.129100E-12 
1.378492E-19  1.127662E-11 
1.516341E-19  1.962862E-11 
1.667975E-19  3.248763E-11 
1.834773E-19  5.136328E-11 
2.018250E-19  7.789373E-11 
2.220075E-19  1.137395E-10 
2.442082E-19  1.604627E-10 
2.686291E-19  2.194063E-10 
2.954920E-19  2.915895E-10 
3.250412E-19  4.386532E-10 
3.575453E-19  6.434007E-10 
3.932998E-19  9.186798E-10 
4.326298E-19  1.280181E-09 
4.758928E-19  1.745023E-09 
5.234821E-19  2.295970E-09 
5.758303E-19  2.919446E-09 
6.334133E-19  3.654787E-09 
6.967546E-19  4.511898E-09 
7.664301E-19  5.500873E-09 
8.430731E-19  6.597281E-09 
9.273804E-19  7.800264E-09 
1.020118E-18  9.048602E-09 
1.122130E-18  1.000825E-08 
1.234343E-18  1.096870E-08 
1.357778E-18  1.192158E-08 
1.493555E-18  1.285950E-08 
1.642911E-18  1.377603E-08 
1.807202E-18  1.466580E-08 
1.987922E-18  1.552446E-08 
2.186715E-18  1.634861E-08 
2.405386E-18  1.713575E-08 
