This is pdfTeX, Version 3.1415926-2.5-1.40.14 (TeX Live 2013/Debian) (format=latex 2015.5.23)  29 JUL 2015 16:37
entering extended mode
 restricted \write18 enabled.
 %&-line parsing enabled.
**Rocketrep
(./Rocketrep.tex
LaTeX2e <2011/06/27>
Babel <3.9h> and hyphenation patterns for 78 languages loaded.
(../../../lib/latex/warpdoc.cls
Document Class: warpdoc 2002/10/31 v1.0 Bernard Parent, 1998-2010
(/usr/share/texlive/texmf-dist/tex/latex/base/size10.clo
File: size10.clo 2007/10/19 v1.4h Standard LaTeX file (size option)
)
\c@part=\count79
\c@section=\count80
\c@subsection=\count81
\c@subsubsection=\count82
\c@paragraph=\count83
\c@subparagraph=\count84
\c@figure=\count85
\c@table=\count86
\abovecaptionskip=\skip41
\belowcaptionskip=\skip42
\bibindent=\dimen102

(/usr/share/texlive/texmf-dist/tex/latex/setspace/setspace.sty
Package: setspace 2011/12/19 v6.7a set line spacing
)
(/usr/share/texlive/texmf-dist/tex/latex/tools/multicol.sty
Package: multicol 2011/06/27 v1.7a multicolumn formatting (FMi)
\c@tracingmulticols=\count87
\mult@box=\box26
\multicol@leftmargin=\dimen103
\c@unbalance=\count88
\c@collectmore=\count89
\doublecol@number=\count90
\multicoltolerance=\count91
\multicolpretolerance=\count92
\full@width=\dimen104
\page@free=\dimen105
\premulticols=\dimen106
\postmulticols=\dimen107
\multicolsep=\skip43
\multicolbaselineskip=\skip44
\partial@page=\box27
\last@line=\box28
\mult@rightbox=\box29
\mult@grightbox=\box30
\mult@gfirstbox=\box31
\mult@firstbox=\box32
\@tempa=\box33
\@tempa=\box34
\@tempa=\box35
\@tempa=\box36
\@tempa=\box37
\@tempa=\box38
\@tempa=\box39
\@tempa=\box40
\@tempa=\box41
\@tempa=\box42
\@tempa=\box43
\@tempa=\box44
\@tempa=\box45
\@tempa=\box46
\@tempa=\box47
\@tempa=\box48
\@tempa=\box49
\c@columnbadness=\count93
\c@finalcolumnbadness=\count94
\last@try=\dimen108
\multicolovershoot=\dimen109
\multicolundershoot=\dimen110
\mult@nat@firstbox=\box50
\colbreak@box=\box51
\multicol@sort@counter=\count95
)
\nomenclaturelabelwidth=\skip45
\nomenclaturecolumnsep=\skip46
\heavyrulewidth=\dimen111
\lightrulewidth=\dimen112
\cmidrulewidth=\dimen113
\belowrulesep=\dimen114
\aboverulesep=\dimen115
\cmidrulesep=\dimen116
\cmidrulekern=\dimen117
\defaultaddspace=\dimen118
\rulesflag=\count96
\@cmidrulewidth=\dimen119
\@cmidla=\count97
\@cmidlb=\count98
\@tempboxb=\box52
)
(/usr/share/texlive/texmf-dist/tex/latex/stix/stix.sty
Package: stix 2012/12/23 v1.1.0-latex STIX fonts support package

(/usr/share/texlive/texmf-dist/tex/latex/base/textcomp.sty
Package: textcomp 2005/09/27 v1.99g Standard LaTeX package
Package textcomp Info: Sub-encoding information:
(textcomp)               5 = only ISO-Adobe without \textcurrency
(textcomp)               4 = 5 + \texteuro
(textcomp)               3 = 4 + \textohm
(textcomp)               2 = 3 + \textestimated + \textcurrency
(textcomp)               1 = TS1 - \textcircled - \t
(textcomp)               0 = TS1 (full)
(textcomp)             Font families with sub-encoding setting implement
(textcomp)             only a restricted character set as indicated.
(textcomp)             Family '?' is the default used for unknown fonts.
(textcomp)             See the documentation for details.
Package textcomp Info: Setting ? sub-encoding to TS1/1 on input line 71.
Package textcomp Info: Changing ? sub-encoding to TS1/0 on input line 72.

(/usr/share/texlive/texmf-dist/tex/latex/base/ts1enc.def
File: ts1enc.def 2001/06/05 v3.0e (jk/car/fm) Standard LaTeX file
)
LaTeX Info: Redefining \oldstylenums on input line 266.
Package textcomp Info: Setting cmr sub-encoding to TS1/0 on input line 281.
Package textcomp Info: Setting cmss sub-encoding to TS1/0 on input line 282.
Package textcomp Info: Setting cmtt sub-encoding to TS1/0 on input line 283.
Package textcomp Info: Setting cmvtt sub-encoding to TS1/0 on input line 284.
Package textcomp Info: Setting cmbr sub-encoding to TS1/0 on input line 285.
Package textcomp Info: Setting cmtl sub-encoding to TS1/0 on input line 286.
Package textcomp Info: Setting ccr sub-encoding to TS1/0 on input line 287.
Package textcomp Info: Setting ptm sub-encoding to TS1/4 on input line 288.
Package textcomp Info: Setting pcr sub-encoding to TS1/4 on input line 289.
Package textcomp Info: Setting phv sub-encoding to TS1/4 on input line 290.
Package textcomp Info: Setting ppl sub-encoding to TS1/3 on input line 291.
Package textcomp Info: Setting pag sub-encoding to TS1/4 on input line 292.
Package textcomp Info: Setting pbk sub-encoding to TS1/4 on input line 293.
Package textcomp Info: Setting pnc sub-encoding to TS1/4 on input line 294.
Package textcomp Info: Setting pzc sub-encoding to TS1/4 on input line 295.
Package textcomp Info: Setting bch sub-encoding to TS1/4 on input line 296.
Package textcomp Info: Setting put sub-encoding to TS1/5 on input line 297.
Package textcomp Info: Setting uag sub-encoding to TS1/5 on input line 298.
Package textcomp Info: Setting ugq sub-encoding to TS1/5 on input line 299.
Package textcomp Info: Setting ul8 sub-encoding to TS1/4 on input line 300.
Package textcomp Info: Setting ul9 sub-encoding to TS1/4 on input line 301.
Package textcomp Info: Setting augie sub-encoding to TS1/5 on input line 302.
Package textcomp Info: Setting dayrom sub-encoding to TS1/3 on input line 303.
Package textcomp Info: Setting dayroms sub-encoding to TS1/3 on input line 304.

Package textcomp Info: Setting pxr sub-encoding to TS1/0 on input line 305.
Package textcomp Info: Setting pxss sub-encoding to TS1/0 on input line 306.
Package textcomp Info: Setting pxtt sub-encoding to TS1/0 on input line 307.
Package textcomp Info: Setting txr sub-encoding to TS1/0 on input line 308.
Package textcomp Info: Setting txss sub-encoding to TS1/0 on input line 309.
Package textcomp Info: Setting txtt sub-encoding to TS1/0 on input line 310.
Package textcomp Info: Setting lmr sub-encoding to TS1/0 on input line 311.
Package textcomp Info: Setting lmdh sub-encoding to TS1/0 on input line 312.
Package textcomp Info: Setting lmss sub-encoding to TS1/0 on input line 313.
Package textcomp Info: Setting lmssq sub-encoding to TS1/0 on input line 314.
Package textcomp Info: Setting lmvtt sub-encoding to TS1/0 on input line 315.
Package textcomp Info: Setting qhv sub-encoding to TS1/0 on input line 316.
Package textcomp Info: Setting qag sub-encoding to TS1/0 on input line 317.
Package textcomp Info: Setting qbk sub-encoding to TS1/0 on input line 318.
Package textcomp Info: Setting qcr sub-encoding to TS1/0 on input line 319.
Package textcomp Info: Setting qcs sub-encoding to TS1/0 on input line 320.
Package textcomp Info: Setting qpl sub-encoding to TS1/0 on input line 321.
Package textcomp Info: Setting qtm sub-encoding to TS1/0 on input line 322.
Package textcomp Info: Setting qzc sub-encoding to TS1/0 on input line 323.
Package textcomp Info: Setting qhvc sub-encoding to TS1/0 on input line 324.
Package textcomp Info: Setting futs sub-encoding to TS1/4 on input line 325.
Package textcomp Info: Setting futx sub-encoding to TS1/4 on input line 326.
Package textcomp Info: Setting futj sub-encoding to TS1/4 on input line 327.
Package textcomp Info: Setting hlh sub-encoding to TS1/3 on input line 328.
Package textcomp Info: Setting hls sub-encoding to TS1/3 on input line 329.
Package textcomp Info: Setting hlst sub-encoding to TS1/3 on input line 330.
Package textcomp Info: Setting hlct sub-encoding to TS1/5 on input line 331.
Package textcomp Info: Setting hlx sub-encoding to TS1/5 on input line 332.
Package textcomp Info: Setting hlce sub-encoding to TS1/5 on input line 333.
Package textcomp Info: Setting hlcn sub-encoding to TS1/5 on input line 334.
Package textcomp Info: Setting hlcw sub-encoding to TS1/5 on input line 335.
Package textcomp Info: Setting hlcf sub-encoding to TS1/5 on input line 336.
Package textcomp Info: Setting pplx sub-encoding to TS1/3 on input line 337.
Package textcomp Info: Setting pplj sub-encoding to TS1/3 on input line 338.
Package textcomp Info: Setting ptmx sub-encoding to TS1/4 on input line 339.
Package textcomp Info: Setting ptmj sub-encoding to TS1/4 on input line 340.
))
(/usr/local/share/texmf/tex/latex/mtpro2/mtpro2.sty
Package: mtpro2 2009/4/27 v2.3 MathTimePro II - added arc accents MathTimePro I
I - fixed rbrace problem with straightbraces and morphedbraces options MathTime
Pro II - fix bug with z = \delimiter "026E30F widetilde{\delimiter "026E30F sum
_{x }}MathTimePro II v2 font support (PCTeX/WaS)MathTimePro II v2.1a Allowed al
ternate form of I in Math Script Fonts (MS)
LaTeX Font Info:    Try loading font information for T1+stix on input line 86.

(/usr/share/texlive/texmf-dist/tex/latex/stix/t1stix.fd
File: t1stix.fd 2012/12/23 v1.1.0-latex STIX T1 font definitions
)
\c@mv@heavy=\count99
LaTeX Font Info:    Redeclaring symbol font `operators' on input line 110.
LaTeX Font Info:    Encoding `OT1' has changed to `T1' for symbol font
(Font)              `operators' in the math version `normal' on input line 110.

LaTeX Font Info:    Overwriting symbol font `operators' in version `normal'
(Font)                  OT1/cmr/m/n --> T1/stix/m/n on input line 110.
LaTeX Font Info:    Encoding `OT1' has changed to `T1' for symbol font
(Font)              `operators' in the math version `bold' on input line 110.
LaTeX Font Info:    Overwriting symbol font `operators' in version `bold'
(Font)                  OT1/cmr/bx/n --> T1/stix/m/n on input line 110.
LaTeX Font Info:    Encoding `OT1' has changed to `T1' for symbol font
(Font)              `operators' in the math version `heavy' on input line 110.
LaTeX Font Info:    Overwriting symbol font `operators' in version `heavy'
(Font)                  OT1/cmr/m/n --> T1/stix/m/n on input line 110.
LaTeX Font Info:    Redeclaring symbol font `letters' on input line 111.
LaTeX Font Info:    Encoding `OML' has changed to `LMP1' for symbol font
(Font)              `letters' in the math version `normal' on input line 111.
LaTeX Font Info:    Overwriting symbol font `letters' in version `normal'
(Font)                  OML/cmm/m/it --> LMP1/mtt/m/it on input line 111.
LaTeX Font Info:    Encoding `OML' has changed to `LMP1' for symbol font
(Font)              `letters' in the math version `bold' on input line 111.
LaTeX Font Info:    Overwriting symbol font `letters' in version `bold'
(Font)                  OML/cmm/b/it --> LMP1/mtt/m/it on input line 111.
LaTeX Font Info:    Encoding `OML' has changed to `LMP1' for symbol font
(Font)              `letters' in the math version `heavy' on input line 111.
LaTeX Font Info:    Overwriting symbol font `letters' in version `heavy'
(Font)                  OML/cmm/m/it --> LMP1/mtt/m/it on input line 111.
LaTeX Font Info:    Redeclaring symbol font `symbols' on input line 112.
LaTeX Font Info:    Encoding `OMS' has changed to `LMP2' for symbol font
(Font)              `symbols' in the math version `normal' on input line 112.
LaTeX Font Info:    Overwriting symbol font `symbols' in version `normal'
(Font)                  OMS/cmsy/m/n --> LMP2/mtt/m/n on input line 112.
LaTeX Font Info:    Encoding `OMS' has changed to `LMP2' for symbol font
(Font)              `symbols' in the math version `bold' on input line 112.
LaTeX Font Info:    Overwriting symbol font `symbols' in version `bold'
(Font)                  OMS/cmsy/b/n --> LMP2/mtt/m/n on input line 112.
LaTeX Font Info:    Encoding `OMS' has changed to `LMP2' for symbol font
(Font)              `symbols' in the math version `heavy' on input line 112.
LaTeX Font Info:    Overwriting symbol font `symbols' in version `heavy'
(Font)                  OMS/cmsy/m/n --> LMP2/mtt/m/n on input line 112.
LaTeX Font Info:    Redeclaring symbol font `largesymbols' on input line 113.
LaTeX Font Info:    Encoding `OMX' has changed to `LMP3' for symbol font
(Font)              `largesymbols' in the math version `normal' on input line 1
13.
LaTeX Font Info:    Overwriting symbol font `largesymbols' in version `normal'
(Font)                  OMX/cmex/m/n --> LMP3/mtt/m/n on input line 113.
LaTeX Font Info:    Encoding `OMX' has changed to `LMP3' for symbol font
(Font)              `largesymbols' in the math version `bold' on input line 113
.
LaTeX Font Info:    Overwriting symbol font `largesymbols' in version `bold'
(Font)                  OMX/cmex/m/n --> LMP3/mtt/m/n on input line 113.
LaTeX Font Info:    Encoding `OMX' has changed to `LMP3' for symbol font
(Font)              `largesymbols' in the math version `heavy' on input line 11
3.
LaTeX Font Info:    Overwriting symbol font `largesymbols' in version `heavy'
(Font)                  OMX/cmex/m/n --> LMP3/mtt/m/n on input line 113.
LaTeX Font Info:    Overwriting symbol font `operators' in version `bold'
(Font)                  T1/stix/m/n --> T1/stix/b/n on input line 115.
LaTeX Font Info:    Overwriting symbol font `letters' in version `bold'
(Font)                  LMP1/mtt/m/it --> LMP1/mtt/b/it on input line 116.
LaTeX Font Info:    Overwriting symbol font `symbols' in version `bold'
(Font)                  LMP2/mtt/m/n --> LMP2/mtt/b/n on input line 117.
LaTeX Font Info:    Overwriting symbol font `largesymbols' in version `bold'
(Font)                  LMP3/mtt/m/n --> LMP3/mtt/b/n on input line 118.
LaTeX Font Info:    Overwriting symbol font `symbols' in version `heavy'
(Font)                  LMP2/mtt/m/n --> LMP2/mtt/eb/n on input line 119.
LaTeX Font Info:    Overwriting symbol font `largesymbols' in version `heavy'
(Font)                  LMP3/mtt/m/n --> LMP3/mtt/eb/n on input line 120.
\pointcount@=\count100
LaTeX Font Info:    Redeclaring math alphabet \mathbf on input line 140.
LaTeX Font Info:    Overwriting math alphabet `\mathbf' in version `normal'
(Font)                  OT1/cmr/bx/n --> T1/stix/b/n on input line 140.
LaTeX Font Info:    Overwriting math alphabet `\mathbf' in version `bold'
(Font)                  OT1/cmr/bx/n --> T1/stix/b/n on input line 140.
LaTeX Font Info:    Overwriting math alphabet `\mathbf' in version `heavy'
(Font)                  OT1/cmr/bx/n --> T1/stix/b/n on input line 140.
LaTeX Font Info:    Redeclaring math alphabet \mathit on input line 141.
LaTeX Font Info:    Overwriting math alphabet `\mathit' in version `normal'
(Font)                  OT1/cmr/m/it --> T1/stix/m/it on input line 141.
LaTeX Font Info:    Overwriting math alphabet `\mathit' in version `bold'
(Font)                  OT1/cmr/bx/it --> T1/stix/m/it on input line 141.
LaTeX Font Info:    Overwriting math alphabet `\mathit' in version `heavy'
(Font)                  OT1/cmr/m/it --> T1/stix/m/it on input line 141.
LaTeX Font Info:    Redeclaring math alphabet \mathsf on input line 142.
LaTeX Font Info:    Overwriting math alphabet `\mathsf' in version `normal'
(Font)                  OT1/cmss/m/n --> T1/cmss/m/n on input line 142.
LaTeX Font Info:    Overwriting math alphabet `\mathsf' in version `bold'
(Font)                  OT1/cmss/bx/n --> T1/cmss/m/n on input line 142.
LaTeX Font Info:    Overwriting math alphabet `\mathsf' in version `heavy'
(Font)                  OT1/cmss/m/n --> T1/cmss/m/n on input line 142.
LaTeX Font Info:    Redeclaring math alphabet \mathtt on input line 143.
LaTeX Font Info:    Overwriting math alphabet `\mathtt' in version `normal'
(Font)                  OT1/cmtt/m/n --> T1/cmtt/m/n on input line 143.
LaTeX Font Info:    Overwriting math alphabet `\mathtt' in version `bold'
(Font)                  OT1/cmtt/m/n --> T1/cmtt/m/n on input line 143.
LaTeX Font Info:    Overwriting math alphabet `\mathtt' in version `heavy'
(Font)                  OT1/cmtt/m/n --> T1/cmtt/m/n on input line 143.
LaTeX Font Info:    Overwriting math alphabet `\mathit' in version `bold'
(Font)                  T1/stix/m/it --> T1/stix/b/it on input line 144.
LaTeX Font Info:    Overwriting math alphabet `\mathsf' in version `bold'
(Font)                  T1/cmss/m/n --> T1/cmss/b/n on input line 145.
LaTeX Font Info:    Overwriting math alphabet `\mathtt' in version `bold'
(Font)                  T1/cmtt/m/n --> T1/cmtt/b/n on input line 146.
LaTeX Font Info:    Overwriting math alphabet `\mathcal' in version `bold'
(Font)                  OMS/cmsy/m/n --> OMS/cmsy/b/n on input line 190.
LaTeX Font Info:    Redeclaring math symbol \imath on input line 218.
LaTeX Font Info:    Redeclaring math symbol \jmath on input line 219.
LaTeX Font Info:    Overwriting math alphabet `\MTPScript' in version `bold'
(Font)                  U/mt2ms/m/it --> U/mt2ms/b/it on input line 284.
LaTeX Font Info:    Overwriting math alphabet `\MTPFrak' in version `bold'
(Font)                  U/mt2mf/m/n --> U/mt2mf/b/n on input line 288.
LaTeX Font Info:    Redeclaring math symbol \alpha on input line 344.
LaTeX Font Info:    Redeclaring math symbol \beta on input line 345.
LaTeX Font Info:    Redeclaring math symbol \gamma on input line 346.
LaTeX Font Info:    Redeclaring math symbol \delta on input line 347.
LaTeX Font Info:    Redeclaring math symbol \epsilon on input line 348.
LaTeX Font Info:    Redeclaring math symbol \zeta on input line 349.
LaTeX Font Info:    Redeclaring math symbol \eta on input line 350.
LaTeX Font Info:    Redeclaring math symbol \theta on input line 351.
LaTeX Font Info:    Redeclaring math symbol \iota on input line 352.
LaTeX Font Info:    Redeclaring math symbol \kappa on input line 353.
LaTeX Font Info:    Redeclaring math symbol \lambda on input line 354.
LaTeX Font Info:    Redeclaring math symbol \mu on input line 355.
LaTeX Font Info:    Redeclaring math symbol \nu on input line 356.
LaTeX Font Info:    Redeclaring math symbol \xi on input line 357.
LaTeX Font Info:    Redeclaring math symbol \pi on input line 358.
LaTeX Font Info:    Redeclaring math symbol \rho on input line 359.
LaTeX Font Info:    Redeclaring math symbol \sigma on input line 360.
LaTeX Font Info:    Redeclaring math symbol \tau on input line 361.
LaTeX Font Info:    Redeclaring math symbol \upsilon on input line 362.
LaTeX Font Info:    Redeclaring math symbol \phi on input line 363.
LaTeX Font Info:    Redeclaring math symbol \chi on input line 364.
LaTeX Font Info:    Redeclaring math symbol \psi on input line 365.
LaTeX Font Info:    Redeclaring math symbol \omega on input line 366.
LaTeX Font Info:    Redeclaring math symbol \varepsilon on input line 367.
LaTeX Font Info:    Redeclaring math symbol \vartheta on input line 368.
LaTeX Font Info:    Redeclaring math symbol \varpi on input line 369.
LaTeX Font Info:    Redeclaring math symbol \varrho on input line 370.
LaTeX Font Info:    Redeclaring math symbol \varsigma on input line 371.
LaTeX Font Info:    Redeclaring math symbol \varphi on input line 372.
LaTeX Font Info:    Redeclaring math symbol \Delta on input line 397.
LaTeX Font Info:    Redeclaring math symbol \Theta on input line 398.
LaTeX Font Info:    Redeclaring math symbol \Lambda on input line 399.
LaTeX Font Info:    Redeclaring math symbol \Xi on input line 400.
LaTeX Font Info:    Redeclaring math symbol \Pi on input line 401.
LaTeX Font Info:    Redeclaring math symbol \Sigma on input line 402.
LaTeX Font Info:    Redeclaring math symbol \Upsilon on input line 403.
LaTeX Font Info:    Redeclaring math symbol \Phi on input line 404.
LaTeX Font Info:    Redeclaring math symbol \Psi on input line 405.
LaTeX Font Info:    Redeclaring math symbol \Omega on input line 406.
LaTeX Font Info:    Redeclaring math symbol \triangleleft on input line 451.
LaTeX Font Info:    Redeclaring math symbol \triangleright on input line 452.
LaTeX Font Info:    Redeclaring math symbol \ddagger on input line 453.
LaTeX Font Info:    Redeclaring math symbol \dagger on input line 454.
LaTeX Font Info:    Redeclaring math symbol \ldotp on input line 457.
LaTeX Font Info:    Redeclaring math accent \vec on input line 468.
LaTeX Font Info:    Redeclaring math accent \grave on input line 469.
LaTeX Font Info:    Redeclaring math accent \acute on input line 470.
LaTeX Font Info:    Redeclaring math accent \check on input line 471.
LaTeX Font Info:    Redeclaring math accent \breve on input line 472.
LaTeX Font Info:    Redeclaring math accent \bar on input line 473.
LaTeX Font Info:    Redeclaring math accent \hat on input line 474.
LaTeX Font Info:    Redeclaring math accent \dot on input line 475.
LaTeX Font Info:    Redeclaring math accent \tilde on input line 476.
LaTeX Font Info:    Redeclaring math accent \ddot on input line 477.
LaTeX Font Info:    Redeclaring math accent \mathring on input line 478.
LaTeX Font Info:    Redeclaring math symbol \braceld on input line 479.
LaTeX Font Info:    Redeclaring math symbol \bracerd on input line 480.
LaTeX Font Info:    Redeclaring math symbol \bracelu on input line 481.
LaTeX Font Info:    Redeclaring math symbol \braceru on input line 482.
LaTeX Font Info:    Redeclaring math symbol \mathparagraph on input line 483.
LaTeX Font Info:    Redeclaring math symbol \mathsection on input line 484.
LaTeX Font Info:    Redeclaring math symbol \hbar on input line 544.
\prePbox@=\box53
\Pbox@=\box54
\LRbox@=\box55
\HATbox@=\box56
\TDbox@=\box57
\CHbox@=\box58
\ARCbox@=\box59
\preSbox@=\box60
\Sbox@=\box61
\SQcount@=\count101
\SQRTbox@=\box62
\UPROOT@=\count102
\LEFTROOT@=\count103
\limtype@=\count104
\xlfont@=\count105
\xlposition@=\count106
\xlposition@ii=\count107
\optype@=\count108
\x@count=\count109
\maxXLscripts@=\dimen120
\symAMSa=\mathgroup4
LaTeX Font Info:    Overwriting symbol font `AMSa' in version `bold'
(Font)                  U/mt2sya/m/n --> U/mt2sya/b/n on input line 1308.
LaTeX Font Info:    Overwriting symbol font `AMSa' in version `heavy'
(Font)                  U/mt2sya/m/n --> U/mt2sya/eb/n on input line 1309.
LaTeX Font Info:    Redeclaring math symbol \npreceq on input line 1476.
LaTeX Font Info:    Redeclaring math symbol \nsucceq on input line 1477.
LaTeX Font Info:    Redeclaring math symbol \nsubseteq on input line 1503.
LaTeX Font Info:    Redeclaring math symbol \nsupseteq on input line 1504.
LaTeX Font Info:    Redeclaring math symbol \mathsterling on input line 1615.
)
\lengthfigure=\skip47

(/usr/share/texlive/texmf-dist/tex/latex/psfrag/psfrag.sty
Package: psfrag 1998/04/11 v3.04 PSfrag (MCG)

(/usr/share/texlive/texmf-dist/tex/latex/graphics/graphics.sty
Package: graphics 2009/02/05 v1.0o Standard LaTeX Graphics (DPC,SPQR)

(/usr/share/texlive/texmf-dist/tex/latex/graphics/trig.sty
Package: trig 1999/03/16 v1.09 sin cos tan (DPC)
)
(/usr/share/texlive/texmf-dist/tex/latex/latexconfig/graphics.cfg
File: graphics.cfg 2010/04/23 v1.9 graphics configuration of TeX Live
)
Package graphics Info: Driver file: dvips.def on input line 91.

(/usr/share/texlive/texmf-dist/tex/latex/graphics/dvips.def
File: dvips.def 1999/02/16 v3.0i Driver-dependant file (DPC,SPQR)
))
\pfg@pcount=\count110
\pfg@scount=\count111
\pfg@temp=\write3
)
(/usr/share/texlive/texmf-dist/tex/latex/subfigure/subfigure.sty
Package: subfigure 2002/03/15 v2.1.5 subfigure package
\subfigtopskip=\skip48
\subfigcapskip=\skip49
\subfigcaptopadj=\dimen121
\subfigbottomskip=\skip50
\subfigcapmargin=\dimen122
\subfiglabelskip=\skip51
\c@subfigure=\count112
\c@lofdepth=\count113
\c@subtable=\count114
\c@lotdepth=\count115

****************************************
* Local config file subfigure.cfg used *
****************************************
(/usr/share/texlive/texmf-dist/tex/latex/subfigure/subfigure.cfg)
\subfig@top=\skip52
\subfig@bottom=\skip53
)
(/usr/share/texlive/texmf-dist/tex/latex/rotating/rotating.sty
Package: rotating 2009/03/28 v2.16a rotated objects in LaTeX

(/usr/share/texlive/texmf-dist/tex/latex/graphics/graphicx.sty
Package: graphicx 1999/02/16 v1.0f Enhanced LaTeX Graphics (DPC,SPQR)

(/usr/share/texlive/texmf-dist/tex/latex/graphics/keyval.sty
Package: keyval 1999/03/16 v1.13 key=value parser (DPC)
\KV@toks@=\toks14
)
\Gin@req@height=\dimen123
\Gin@req@width=\dimen124
)
(/usr/share/texlive/texmf-dist/tex/latex/base/ifthen.sty
Package: ifthen 2001/05/26 v1.1c Standard LaTeX ifthen package (DPC)
)
\c@r@tfl@t=\count116
\rotFPtop=\skip54
\rotFPbot=\skip55
\rot@float@box=\box63
\rot@mess@toks=\toks15
)
(/usr/share/texlive/texmf-dist/tex/latex/pstricks/pstricks.sty
Package: pstricks 2013/12/12 v0.60 LaTeX wrapper for `PSTricks' (RN,HV)

(/usr/share/texlive/texmf-dist/tex/generic/oberdiek/ifpdf.sty
Package: ifpdf 2011/01/30 v2.3 Provides the ifpdf switch (HO)
Package ifpdf Info: pdfTeX in PDF mode is not detected.
)
(/usr/share/texlive/texmf-dist/tex/generic/pstricks/pstricks.tex
(/usr/share/texlive/texmf-dist/tex/generic/xkeyval/pst-xkey.tex
File: pst-xkey.tex 2005/11/25 v1.6 PSTricks specialization of xkeyval (HA)

(/usr/share/texlive/texmf-dist/tex/latex/xkeyval/xkeyval.sty
Package: xkeyval 2012/10/14 v2.6b package option processing (HA)

(/usr/share/texlive/texmf-dist/tex/generic/xkeyval/xkeyval.tex
\XKV@toks=\toks16
\XKV@tempa@toks=\toks17
\XKV@depth=\count117
File: xkeyval.tex 2012/10/14 v2.6b key=value parser (HA)
)))
(/usr/share/texlive/texmf-dist/tex/generic/pstricks/pst-fp.tex
`pst-fp' v0.05, 2010/01/17 (hv)
\pstFP@xs=\count118
\pstFP@xia=\count119
\pstFP@xib=\count120
\pstFP@xfa=\count121
\pstFP@xfb=\count122
\pstFP@rega=\count123
\pstFP@regb=\count124
\pstFP@regs=\count125
\pstFP@times=\count126
)
(/usr/share/texmf/tex/generic/pgf/utilities/pgfutil-common.tex
\pgfutil@everybye=\toks18
)
(/usr/share/texmf/tex/generic/pgf/utilities/pgfkeys.code.tex
\pgfkeys@pathtoks=\toks19
\pgfkeys@temptoks=\toks20

(/usr/share/texmf/tex/generic/pgf/utilities/pgfkeysfiltered.code.tex
\pgfkeys@tmptoks=\toks21
))
(/usr/share/texmf/tex/generic/pgf/utilities/pgffor.code.tex
\pgffor@iter=\dimen125
\pgffor@skip=\dimen126
\pgffor@stack=\toks22
\pgffor@toks=\toks23
)
\psLoopIndex=\count127

`PSTricks' v2.51  <2014/02/03> (tvz)
\pst@dima=\dimen127
\pst@dimb=\dimen128
\pst@dimc=\dimen129
\pst@dimd=\dimen130
\pst@dimg=\dimen131
\pst@dimh=\dimen132
\pst@dimm=\dimen133
\pst@dimn=\dimen134
\pst@dimo=\dimen135
\pst@dimp=\dimen136
\pst@hbox=\box64
\pst@ibox=\box65
\pst@boxg=\box66
\pst@cnta=\count128
\pst@cntb=\count129
\pst@cntc=\count130
\pst@cntd=\count131
\pst@cntg=\count132
\pst@cnth=\count133
\pst@cntm=\count134
\pst@cntn=\count135
\pst@cnto=\count136
\pst@cntp=\count137
\@zero=\count138
\pst@toks=\toks24
(/usr/share/texlive/texmf-dist/tex/generic/pstricks/pstricks.con)
\psunit=\dimen137
\psxunit=\dimen138
\psyunit=\dimen139
\pst@C@@rType=\count139
\pslinewidth=\dimen140
\psk@startLW=\dimen141
\psk@endLW=\dimen142
\pst@customdefs=\toks25
\pslinearc=\dimen143
\pst@symbolStep=\dimen144
\pst@symbolWidth=\dimen145
\pst@symbolLinewidth=\dimen146
\everypsbox=\toks26
\psframesep=\dimen147
\pslabelsep=\dimen148
\sh@wgridXunit=\dimen149
\sh@wgridYunit=\dimen150
\pst@shift=\dimen151
)
File: pstricks.tex 2014/02/03 v2.51 `PSTricks' (tvz,hv)

(/usr/share/texlive/texmf-dist/tex/generic/pstricks/pst-fp.tex)
File: pst-fp.tex 2014/02/03 v2.51 `PST-fp' (hv)

(/usr/share/texmf/tex/latex/xcolor/xcolor.sty
Package: xcolor 2007/01/21 v2.11 LaTeX color extensions (UK)

(/usr/share/texlive/texmf-dist/tex/latex/latexconfig/color.cfg
File: color.cfg 2007/01/18 v1.5 color configuration of teTeX/TeXLive
)
Package xcolor Info: Driver file: dvips.def on input line 225.
Package xcolor Info: Model `cmy' substituted by `cmy0' on input line 1337.
Package xcolor Info: Model `RGB' extended on input line 1353.
Package xcolor Info: Model `HTML' substituted by `rgb' on input line 1355.
Package xcolor Info: Model `Hsb' substituted by `hsb' on input line 1356.
Package xcolor Info: Model `tHsb' substituted by `hsb' on input line 1357.
Package xcolor Info: Model `HSB' substituted by `hsb' on input line 1358.
Package xcolor Info: Model `Gray' substituted by `gray' on input line 1359.
Package xcolor Info: Model `wave' substituted by `hsb' on input line 1360.
))
(/usr/share/texlive/texmf-dist/tex/latex/sidecap/sidecap.sty
Package: sidecap 2003/06/06 v1.6f SideCap Package (RN/HjG)
\SC@BOXWD=\dimen152
\SC@CAPWD=\dimen153
\SC@tempdima=\dimen154
\SC@tempdimb=\dimen155
\c@SC@C=\count140
\SC@BOX=\box67
)
(/usr/share/texlive/texmf-dist/tex/latex/carlisle/scalefnt.sty)
(/usr/share/texlive/texmf-dist/tex/latex/tools/bm.sty
Package: bm 2004/02/26 v1.1c Bold Symbol Support (DPC/FMi)
\symboldoperators=\mathgroup5
\symboldletters=\mathgroup6
\symboldsymbols=\mathgroup7
\symboldlargesymbols=\mathgroup8
LaTeX Font Info:    Redeclaring math alphabet \mathbf on input line 138.
\symheavysymbols=\mathgroup9
\symheavylargesymbols=\mathgroup10
\symheavyAMSa=\mathgroup11
LaTeX Info: Redefining \bm on input line 204.
) (./Rocketrep.aux)
\openout1 = `Rocketrep.aux'.

LaTeX Font Info:    Checking defaults for OML/cmm/m/it on input line 96.
LaTeX Font Info:    ... okay on input line 96.
LaTeX Font Info:    Checking defaults for T1/cmr/m/n on input line 96.
LaTeX Font Info:    ... okay on input line 96.
LaTeX Font Info:    Checking defaults for OT1/cmr/m/n on input line 96.
LaTeX Font Info:    ... okay on input line 96.
LaTeX Font Info:    Checking defaults for OMS/cmsy/m/n on input line 96.
LaTeX Font Info:    ... okay on input line 96.
LaTeX Font Info:    Checking defaults for OMX/cmex/m/n on input line 96.
LaTeX Font Info:    ... okay on input line 96.
LaTeX Font Info:    Checking defaults for U/cmr/m/n on input line 96.
LaTeX Font Info:    ... okay on input line 96.
LaTeX Font Info:    Checking defaults for TS1/cmr/m/n on input line 96.
LaTeX Font Info:    Try loading font information for TS1+cmr on input line 96.

(/usr/share/texlive/texmf-dist/tex/latex/base/ts1cmr.fd
File: ts1cmr.fd 1999/05/25 v2.5h Standard LaTeX font definitions
)
LaTeX Font Info:    ... okay on input line 96.
LaTeX Font Info:    Checking defaults for LMP1/mtt/m/it on input line 96.
LaTeX Font Info:    ... okay on input line 96.
LaTeX Font Info:    Checking defaults for LMP2/mtt/m/n on input line 96.
LaTeX Font Info:    ... okay on input line 96.
LaTeX Font Info:    Checking defaults for LMP3/mtt/m/n on input line 96.
LaTeX Font Info:    ... okay on input line 96.
\big@size=\dimen156

(/usr/share/texlive/texmf-dist/tex/latex/ms/ragged2e.sty
Package: ragged2e 2009/05/21 v2.1 ragged2e Package (MS)

(/usr/share/texlive/texmf-dist/tex/latex/ms/everysel.sty
Package: everysel 2011/10/28 v1.2 EverySelectfont Package (MS)

ABD: EverySelectfont initializing macros
LaTeX Info: Redefining \selectfont on input line 126.
)
\CenteringLeftskip=\skip56
\RaggedLeftLeftskip=\skip57
\RaggedRightLeftskip=\skip58
\CenteringRightskip=\skip59
\RaggedLeftRightskip=\skip60
\RaggedRightRightskip=\skip61
\CenteringParfillskip=\skip62
\RaggedLeftParfillskip=\skip63
\RaggedRightParfillskip=\skip64
\JustifyingParfillskip=\skip65
\CenteringParindent=\skip66
\RaggedLeftParindent=\skip67
\RaggedRightParindent=\skip68
\JustifyingParindent=\skip69
)
Underfull \hbox (badness 10000) in paragraph at lines 101--101

 []

LaTeX Font Info:    Font shape `T1/stix/bx/n' in size <10> not available
(Font)              Font shape `T1/stix/b/n' tried instead on input line 101.
LaTeX Font Info:    Font shape `T1/stix/bx/n' in size <24.88> not available
(Font)              Font shape `T1/stix/b/n' tried instead on input line 101.
LaTeX Font Info:    Font shape `T1/stix/bx/n' in size <12> not available
(Font)              Font shape `T1/stix/b/n' tried instead on input line 101.
LaTeX Font Info:    Font shape `T1/stix/bx/it' in size <12> not available
(Font)              Font shape `T1/stix/b/it' tried instead on input line 101.

Underfull \hbox (badness 10000) in paragraph at lines 101--101

 []


Underfull \hbox (badness 10000) in paragraph at lines 101--101

 []

LaTeX Font Info:    Font shape `T1/stix/bx/n' in size <9> not available
(Font)              Font shape `T1/stix/b/n' tried instead on input line 101.
LaTeX Font Info:    Try loading font information for TS1+stix on input line 101
.
(/usr/share/texlive/texmf-dist/tex/latex/stix/ts1stix.fd
File: ts1stix.fd 2012/12/23 v1.1.0-latex STIX TS1 font definitions
)
LaTeX Font Info:    Font shape `TS1/stix/bx/n' in size <9> not available
(Font)              Font shape `TS1/stix/b/n' tried instead on input line 101.

Underfull \hbox (badness 10000) in paragraph at lines 101--101

 []

File: warplogo.eps Graphic file (type eps)
<warplogo.eps> [1

]
LaTeX Font Info:    Font shape `T1/stix/bx/n' in size <14.4> not available
(Font)              Font shape `T1/stix/b/n' tried instead on input line 103.
 (./Rocketrep.toc)
\tf@toc=\write4
\openout4 = `Rocketrep.toc'.

 (./rocket.tex

LaTeX Warning: `!h' float specifier changed to `!ht'.


Underfull \hbox (badness 10000) has occurred while \output is active
 
 []

[1]
Underfull \hbox (badness 10000) has occurred while \output is active
 
 []

[2]
Overfull \hbox (46.94698pt too wide) detected at line 155
\LMP1/mtt/m/it/10 dG \LMP2/mtt/m/n/10 D [] [][] [] \LMP1/mtt/m/it/10 ^^[[]g[] \
LMP2/mtt/m/n/10 C [] \LMP1/mtt/m/it/10 ^^[[][]T [].^^[[]/ \LMP2/mtt/m/n/10 ^^@ 
[] \LMP1/mtt/m/it/10 ^^[[][]T [].[] ^^[[]/ \LMP2/mtt/m/n/10 C [] \LMP1/mtt/m/it
/10 ^^[[][]T [].[]/[]d^^[[] \LMP2/mtt/m/n/10 D \T1/stix/m/n/10 0
 []


Underfull \hbox (badness 10000) has occurred while \output is active
 
 []

[3]
Underfull \hbox (badness 10000) has occurred while \output is active
 
 []

[4]
Overfull \hbox (56.20192pt too wide) detected at line 397
[][]
 []


Underfull \hbox (badness 10000) has occurred while \output is active
 
 []

[5]
Overfull \hbox (17.36298pt too wide) detected at line 448
[][]
 []


Overfull \hbox (45.1239pt too wide) detected at line 479
\LMP1/mtt/m/it/10 A \LMP2/mtt/m/n/10 D [][]
 []


Underfull \hbox (badness 10000) has occurred while \output is active
 
 []

[6]
Underfull \hbox (badness 10000) has occurred while \output is active
 
 []

[7]
Underfull \hbox (badness 2837) in paragraph at lines 594--595
[]\T1/stix/m/n/8 where $\LMP1/mtt/m/it/8 n[]$ \T1/stix/m/n/8 is the to-tal num-
ber of
 []

File: nozzle.eps Graphic file (type eps)
<nozzle.eps>
Underfull \hbox (badness 10000) has occurred while \output is active
 
 []

[8]
Underfull \hbox (badness 10000) has occurred while \output is active
 
 []

[9]
Underfull \hbox (badness 10000) has occurred while \output is active
 
 []

[10]

LaTeX Warning: `!h' float specifier changed to `!ht'.


Underfull \hbox (badness 10000) has occurred while \output is active
 
 []

[11]
Underfull \hbox (badness 10000) has occurred while \output is active
 
 []

[12]

LaTeX Warning: `!h' float specifier changed to `!ht'.


Underfull \hbox (badness 10000) has occurred while \output is active
 
 []

[13]
Underfull \hbox (badness 10000) has occurred while \output is active
 
 []

[14]
Underfull \hbox (badness 10000) has occurred while \output is active
 
 []

[15]
Underfull \hbox (badness 10000) has occurred while \output is active
 
 []

[16]
Underfull \hbox (badness 10000) has occurred while \output is active
 
 []

[17]
Underfull \hbox (badness 10000) has occurred while \output is active
 
 []

[18]
Underfull \hbox (badness 10000) has occurred while \output is active
 
 []

[19]
Overfull \hbox (9.47014pt too wide) in paragraph at lines 1685--1687
[]\T1/stix/m/n/10 and the as-sump-tion of a neg-li-gi-ble ve-loc-ity ex-it-ing 
the com-bus-tion cham-ber (e.g. $\LMP1/mtt/m/it/10 M[] \LMP2/mtt/m/n/10 D
 []

File: kero_air_tempvsphi.eps Graphic file (type eps)
<kero_air_tempvsphi.eps>
File: kero_air_mass_phi1.eps Graphic file (type eps)
 <kero_air_mass_phi1.eps>
Underfull \hbox (badness 10000) has occurred while \output is active
 
 []

[20]
Underfull \hbox (badness 10000) has occurred while \output is active
 
 []

[21]
File: kero_oxy_tempvsphi.eps Graphic file (type eps)
 <kero_oxy_tempvsphi.eps>
File: kero_oxy_phi1.eps Graphic file (type eps)
 <kero_oxy_phi1.eps>

LaTeX Warning: `h' float specifier changed to `ht'.


Underfull \hbox (badness 10000) has occurred while \output is active
 
 []

[22]
File: kero_oxycomprp1.eps Graphic file (type eps)
 <kero_oxycomprp1.eps>
Underfull \hbox (badness 10000) has occurred while \output is active
 
 []

[23]
File: kero_oxy_phi0.5.eps Graphic file (type eps)
 <kero_oxy_phi0.5.eps>
File: kero_oxy_phi1.0.eps Graphic file (type eps)
 <kero_oxy_phi1.0.eps>
File: kero_oxy_phi1.5.eps Graphic file (type eps)
 <kero_oxy_phi1.5.eps>
File: kero_oxy_phi2.0.eps Graphic file (type eps)

<kero_oxy_phi2.0.eps>
File: kero_oxy_phi2.5.eps Graphic file (type eps)
 <kero_oxy_phi2.5.eps>
File: kero_oxy_phi3.0.eps Graphic file (type eps)
 <kero_oxy_phi3.0.eps>
File: kero_oxy_phi3.5.eps Graphic file (type eps)

<kero_oxy_phi3.5.eps>
File: kero_oxy_phi4.0.eps Graphic file (type eps)
 <kero_oxy_phi4.0.eps>
File: kero_oxy_phi4.5.eps Graphic file (type eps)
 <kero_oxy_phi4.5.eps>

LaTeX Warning: Float too large for page by 84.47456pt on input line 1949.


LaTeX Warning: `!h' float specifier changed to `!ht'.


LaTeX Warning: `!h' float specifier changed to `!ht'.

File: kero_o2_mass_phi1.eps Graphic file (type eps)
<kero_o2_mass_phi1.eps>
File: kero_o2_mole_phi1.eps Graphic file (type eps)
 <kero_o2_mole_phi1.eps>

LaTeX Warning: `!h' float specifier changed to `!ht'.

File: mach5inv.eps Graphic file (type eps)
<mach5inv.eps>
File: scalewholenozzle.eps Graphic file (type eps)
 <scalewholenozzle.eps>
Underfull \hbox (badness 3612) in paragraph at lines 2103--2103
[]\T1/stix/m/n/8 (b) Com-plete ax-isym-met-ric noz-zle shape for
 []

File: nozcomp.eps Graphic file (type eps)
<nozcomp.eps>
Underfull \hbox (badness 10000) has occurred while \output is active
 
 []

[24]
Underfull \hbox (badness 10000) has occurred while \output is active
 
 []

[25]

LaTeX Warning: Text page 26 contains only floats.


Underfull \hbox (badness 10000) has occurred while \output is active
 
 []

[26]
File: warpcentcomp.eps Graphic file (type eps)
 <warpcentcomp.eps>

LaTeX Warning: `!h' float specifier changed to `!ht'.

File: warpgamma.eps Graphic file (type eps)
<warpgamma.eps>
Underfull \hbox (badness 10000) has occurred while \output is active
 
 []

[27]
File: warpmachcont.eps Graphic file (type eps)
 <warpmachcont.eps>) (./rocketappendix.tex
Underfull \hbox (badness 10000) has occurred while \output is active
 
 []

[28]
Underfull \hbox (badness 10000) has occurred while \output is active
 
 []

[29]
Underfull \hbox (badness 10000) has occurred while \output is active
 
 []

[30]
Underfull \hbox (badness 10000) has occurred while \output is active
 
 []

[31]
Overfull \hbox (6.14612pt too wide) in paragraph at lines 348--355
[]\T1/stix/m/n/10 The ac-cu-racy of the char-ac-ter-is-tic mesh be-ing built ca
n be im-proved by em-ploy-ing a predictor-
 []

) (./Rocketrep.bbl
Underfull \hbox (badness 10000) has occurred while \output is active
 
 []

[32])
Underfull \hbox (badness 10000) has occurred while \output is active
 
 []

[33]
Underfull \hbox (badness 10000) has occurred while \output is active
 
 []

[34] (./Rocketrep.aux) ) 
Here is how much of TeX's memory you used:
 5579 strings out of 493305
 78540 string characters out of 6139897
 172264 words of memory out of 5000000
 8914 multiletter control sequences out of 15000+600000
 245507 words of font info for 114 fonts, out of 8000000 for 9000
 957 hyphenation exceptions out of 8191
 37i,13n,51p,568b,407s stack positions out of 5000i,500n,10000p,200000b,80000s

Output written on Rocketrep.dvi (35 pages, 207816 bytes).
